<?xml version="1.0" encoding="UTF-8"?>
<!-- Generated by org.testng.reporters.JUnitXMLReporter -->
<testsuite ignored="0" hostname="Jat" failures="0" tests="5" name="Default test" time="44.503" errors="0" timestamp="2025-06-12T19:49:32 IST">
  <testcase classname="Selenium_Concept.Selenium_Concept.Flilght_booking_site" name="Open_Website" time="16.567"/>
  <testcase classname="Selenium_Concept.Selenium_Concept.Flilght_booking_site" name="SearchFromFlight" time="0.888"/>
  <testcase classname="Selenium_Concept.Selenium_Concept.Flilght_booking_site" name="SearchTOFlight" time="4.617"/>
  <testcase classname="Selenium_Concept.Selenium_Concept.Flilght_booking_site" name="FlightDate_ClassType" time="5.27"/>
  <testcase classname="Selenium_Concept.Selenium_Concept.Flight_Select_page" name="ss" time="12.9"/>
</testsuite> <!-- Default test -->
