<?xml version="1.0" encoding="UTF-8"?>
<testng-results ignored="0" total="5" passed="5" failed="0" skipped="0">
  <reporter-output>
  </reporter-output>
  <suite started-at="2025-06-12T19:48:47 IST" name="Default suite" finished-at="2025-06-12T19:49:32 IST" duration-ms="44503">
    <groups>
    </groups>
    <test started-at="2025-06-12T19:48:47 IST" name="Default test" finished-at="2025-06-12T19:49:32 IST" duration-ms="44503">
      <class name="Selenium_Concept.Selenium_Concept.Flight_Select_page">
        <test-method is-config="true" signature="Open_broser()[pri:0, instance:Selenium_Concept.Selenium_Concept.Flight_Select_page@74455848]" started-at="2025-06-12T19:48:47 IST" name="Open_broser" finished-at="2025-06-12T19:48:52 IST" duration-ms="4214" status="PASS">
          <reporter-output>
          </reporter-output>
        </test-method> <!-- Open_broser -->
        <test-method signature="Open_Website()[pri:1, instance:Selenium_Concept.Selenium_Concept.Flight_Select_page@74455848]" started-at="2025-06-12T19:48:52 IST" name="Open_Website" finished-at="2025-06-12T19:49:08 IST" duration-ms="16567" status="PASS">
          <reporter-output>
          </reporter-output>
        </test-method> <!-- Open_Website -->
        <test-method signature="SearchFromFlight()[pri:2, instance:Selenium_Concept.Selenium_Concept.Flight_Select_page@74455848]" started-at="2025-06-12T19:49:08 IST" name="SearchFromFlight" finished-at="2025-06-12T19:49:09 IST" duration-ms="888" status="PASS">
          <reporter-output>
          </reporter-output>
        </test-method> <!-- SearchFromFlight -->
        <test-method signature="SearchTOFlight()[pri:3, instance:Selenium_Concept.Selenium_Concept.Flight_Select_page@74455848]" started-at="2025-06-12T19:49:09 IST" name="SearchTOFlight" finished-at="2025-06-12T19:49:14 IST" duration-ms="4617" status="PASS">
          <reporter-output>
          </reporter-output>
        </test-method> <!-- SearchTOFlight -->
        <test-method signature="FlightDate_ClassType()[pri:4, instance:Selenium_Concept.Selenium_Concept.Flight_Select_page@74455848]" started-at="2025-06-12T19:49:14 IST" name="FlightDate_ClassType" finished-at="2025-06-12T19:49:19 IST" duration-ms="5270" status="PASS">
          <reporter-output>
          </reporter-output>
        </test-method> <!-- FlightDate_ClassType -->
        <test-method signature="ss()[pri:6, instance:Selenium_Concept.Selenium_Concept.Flight_Select_page@74455848]" started-at="2025-06-12T19:49:19 IST" name="ss" finished-at="2025-06-12T19:49:32 IST" duration-ms="12900" status="PASS">
          <reporter-output>
          </reporter-output>
        </test-method> <!-- ss -->
      </class> <!-- Selenium_Concept.Selenium_Concept.Flight_Select_page -->
    </test> <!-- Default test -->
  </suite> <!-- Default suite -->
</testng-results>
