<?xml version="1.0" encoding="UTF-8"?>
<testng-results ignored="0" total="1" passed="1" failed="0" skipped="0">
  <reporter-output>
  </reporter-output>
  <suite started-at="2025-06-05T12:16:40 IST" name="Default suite" finished-at="2025-06-05T12:16:47 IST" duration-ms="6711">
    <groups>
    </groups>
    <test started-at="2025-06-05T12:16:40 IST" name="Default test" finished-at="2025-06-05T12:16:47 IST" duration-ms="6711">
      <class name="Selenium_Concept.Selenium_Concept.Implicit_wait">
        <test-method is-config="true" signature="Open_broser()[pri:0, instance:Selenium_Concept.Selenium_Concept.Implicit_wait@76ed1b7c]" started-at="2025-06-05T12:16:40 IST" name="Open_broser" finished-at="2025-06-05T12:16:44 IST" duration-ms="3811" status="PASS">
          <reporter-output>
          </reporter-output>
        </test-method> <!-- Open_broser -->
        <test-method signature="implicit_wait()[pri:0, instance:Selenium_Concept.Selenium_Concept.Implicit_wait@76ed1b7c]" started-at="2025-06-05T12:16:44 IST" name="implicit_wait" finished-at="2025-06-05T12:16:47 IST" duration-ms="2867" status="PASS">
          <reporter-output>
          </reporter-output>
        </test-method> <!-- implicit_wait -->
      </class> <!-- Selenium_Concept.Selenium_Concept.Implicit_wait -->
    </test> <!-- Default test -->
  </suite> <!-- Default suite -->
</testng-results>
